<?xml version="1.0" encoding="UTF-8"?>
<!-- Generated by org.testng.reporters.JUnitXMLReporter -->
<testsuite ignored="7" hostname="DESKTOP-A9A8VGF" failures="0" tests="1" name="Default test" time="7.387" errors="0" timestamp="2026-01-03T00:52:59 IST">
  <testcase classname="com.org.testClass.PracticeTest" name="handleShadowRootElement" time="3.532"/>
  <testcase classname="com.org.testClass.PracticeTest" name="downloadFiles" time="0.0">
    <ignored/>
  </testcase> <!-- downloadFiles -->
  <testcase classname="com.org.testClass.PracticeTest" name="readTable" time="0.0">
    <ignored/>
  </testcase> <!-- readTable -->
  <testcase classname="com.org.testClass.PracticeTest" name="authentication" time="0.0">
    <ignored/>
  </testcase> <!-- authentication -->
  <testcase classname="com.org.testClass.PracticeTest" name="multipleHandle" time="0.0">
    <ignored/>
  </testcase> <!-- multipleHandle -->
  <testcase classname="com.org.testClass.PracticeTest" name="uploadFiles" time="0.0">
    <ignored/>
  </testcase> <!-- uploadFiles -->
  <testcase classname="com.org.testClass.PracticeTest" name="getBrokenImage" time="0.0">
    <ignored/>
  </testcase> <!-- getBrokenImage -->
  <testcase classname="com.org.testClass.PracticeTest" name="SelectDropdown" time="0.0">
    <ignored/>
  </testcase> <!-- SelectDropdown -->
</testsuite> <!-- Default test -->
