<?xml version="1.0" encoding="UTF-8"?>
<!-- Generated by org.testng.reporters.JUnitXMLReporter -->
<testsuite ignored="6" hostname="DESKTOP-A9A8VGF" failures="0" tests="2" name="Chrome Test" time="31.734" errors="0" timestamp="2026-01-05T01:57:16 IST">
  <testcase classname="com.org.testClass.PracticeTest" name="readTable" time="19.857"/>
  <testcase classname="com.org.testClass.PracticeTest" name="authentication" time="1.695"/>
  <testcase classname="com.org.testClass.PracticeTest" name="multipleHandle" time="0.0">
    <ignored/>
  </testcase> <!-- multipleHandle -->
  <testcase classname="com.org.testClass.PracticeTest" name="downloadFiles" time="0.0">
    <ignored/>
  </testcase> <!-- downloadFiles -->
  <testcase classname="com.org.testClass.PracticeTest" name="uploadFiles" time="0.0">
    <ignored/>
  </testcase> <!-- uploadFiles -->
  <testcase classname="com.org.testClass.PracticeTest" name="handleShadowRootElement" time="0.0">
    <ignored/>
  </testcase> <!-- handleShadowRootElement -->
  <testcase classname="com.org.testClass.PracticeTest" name="getBrokenImage" time="0.0">
    <ignored/>
  </testcase> <!-- getBrokenImage -->
  <testcase classname="com.org.testClass.PracticeTest" name="SelectDropdown" time="0.0">
    <ignored/>
  </testcase> <!-- SelectDropdown -->
</testsuite> <!-- Chrome Test -->
