<?xml version="1.0" encoding="UTF-8"?>
<!-- Generated by org.testng.reporters.JUnitXMLReporter -->
<testsuite ignored="6" hostname="DESKTOP-A9A8VGF" failures="0" tests="2" name="Edge Test" time="20.38" errors="0" timestamp="2026-01-05T01:57:04 IST">
  <testcase classname="com.org.testClass.PracticeTest" name="getBrokenImage" time="5.193"/>
  <testcase classname="com.org.testClass.PracticeTest" name="handleShadowRootElement" time="4.533"/>
  <testcase classname="com.org.testClass.PracticeTest" name="multipleHandle" time="0.0">
    <ignored/>
  </testcase> <!-- multipleHandle -->
  <testcase classname="com.org.testClass.PracticeTest" name="uploadFiles" time="0.0">
    <ignored/>
  </testcase> <!-- uploadFiles -->
  <testcase classname="com.org.testClass.PracticeTest" name="downloadFiles" time="0.0">
    <ignored/>
  </testcase> <!-- downloadFiles -->
  <testcase classname="com.org.testClass.PracticeTest" name="readTable" time="0.0">
    <ignored/>
  </testcase> <!-- readTable -->
  <testcase classname="com.org.testClass.PracticeTest" name="SelectDropdown" time="0.0">
    <ignored/>
  </testcase> <!-- SelectDropdown -->
  <testcase classname="com.org.testClass.PracticeTest" name="authentication" time="0.0">
    <ignored/>
  </testcase> <!-- authentication -->
</testsuite> <!-- Edge Test -->
