<?xml version="1.0" encoding="UTF-8"?>
<!-- Generated by org.testng.reporters.JUnitXMLReporter -->
<testsuite ignored="6" hostname="DESKTOP-A9A8VGF" failures="1" tests="2" name="Firefox Test" time="26.37" errors="0" timestamp="2026-01-05T01:17:39 IST">
  <testcase classname="com.org.testClass.PracticeTest" name="uploadFiles" time="6.991"/>
  <testcase classname="com.org.testClass.PracticeTest" name="multipleHandle" time="6.511">
    <failure type="org.openqa.selenium.ElementClickInterceptedException" message="element click intercepted: Element &amp;lt;a href=&amp;quot;/windows/new&amp;quot; ,=&amp;quot;&amp;quot; target=&amp;quot;_blank&amp;quot;&amp;gt;...&amp;lt;/a&amp;gt; is not clickable at point (718, 640). Other element would receive the click: &amp;lt;iframe id=&amp;quot;aswift_4&amp;quot; name=&amp;quot;aswift_4&amp;quot; style=&amp;quot;min-height: auto; max-height: none; min-width: auto; max-width: none; width: 1005px !important; height: 124px !important; display: block; margin: 0px auto;&amp;quot; sandbox=&amp;quot;allow-forms allow-popups allow-popups-to-escape-sandbox allow-same-origin allow-scripts allow-top-navigation-by-user-activation&amp;quot; width=&amp;quot;1005&amp;quot; height=&amp;quot;124&amp;quot; frameborder=&amp;quot;0&amp;quot; marginwidth=&amp;quot;0&amp;quot; marginheight=&amp;quot;0&amp;quot; vspace=&amp;quot;0&amp;quot; hspace=&amp;quot;0&amp;quot; allowtransparency=&amp;quot;true&amp;quot; scrolling=&amp;quot;no&amp;quot; allow=&amp;quot;attribution-reporting; run-ad-auction&amp;quot; src=&amp;quot;https://googleads.g.doubleclick.net/pagead/html/r20251211/r20190131/zrt_lookup_fy2021.html#RS-1-&amp;amp;amp;adk=1812271801&amp;amp;amp;client=ca-pub-1056034821646296&amp;amp;amp;fa=1&amp;amp;amp;ifi=5&amp;amp;amp;uci=a!5&amp;amp;amp;btvi=1&amp;quot; data-google-container-id=&amp;quot;a!5&amp;quot; tabindex=&amp;quot;0&amp;quot; title=&amp;quot;Advertisement&amp;quot; aria-label=&amp;quot;Advertisement&amp;quot; data-google-query-id=&amp;quot;CPGJ-bXT8pEDFZynZgIdo6MX9g&amp;quot; data-load-complete=&amp;quot;true&amp;quot;&amp;gt;&amp;lt;/iframe&amp;gt;
  (Session info: MicrosoftEdge=143.0.3650.96)
Build info: version: &amp;apos;4.39.0&amp;apos;, revision: &amp;apos;126f156aee&amp;apos;
System info: os.name: &amp;apos;Windows 10&amp;apos;, os.arch: &amp;apos;amd64&amp;apos;, os.version: &amp;apos;10.0&amp;apos;, java.version: &amp;apos;21.0.9&amp;apos;
Driver info: org.openqa.selenium.edge.EdgeDriver
Command: [b5ff1d507c50f74961b1e09f2e87dc06, clickElement {id=f.56EA10791BFCD03F1CE8A8FAA4F0CD5E.d.899F9CCA904CB14A8B522FC4D659EA9C.e.13}]
Capabilities {acceptInsecureCerts: false, browserName: MicrosoftEdge, browserVersion: 143.0.3650.96, fedcm:accounts: true, goog:processID: 28320, ms:edgeOptions: {debuggerAddress: localhost:64363}, msedge: {msedgedriverVersion: 143.0.3650.96 (d55fe85d0141..., userDataDir: C:\Users\HP\AppData\Local\T...}, networkConnectionEnabled: false, pageLoadStrategy: normal, platformName: windows, proxy: Proxy(), se:cdp: ws://localhost:64363/devtoo..., se:cdpVersion: 143.0.3650.96, setWindowRect: true, strictFileInteractability: false, timeouts: {implicit: 0, pageLoad: 300000, script: 30000}, unhandledPromptBehavior: dismiss and notify, webauthn:extension:credBlob: true, webauthn:extension:largeBlob: true, webauthn:extension:minPinLength: true, webauthn:extension:prf: true, webauthn:virtualAuthenticators: true}
Element: [[EdgeDriver: MicrosoftEdge on windows (b5ff1d507c50f74961b1e09f2e87dc06)] -&amp;gt; xpath: //a[text()=&amp;apos;Click Here&amp;apos;]]
Session ID: b5ff1d507c50f74961b1e09f2e87dc06">
      <![CDATA[org.openqa.selenium.ElementClickInterceptedException: element click intercepted: Element <a href="/windows/new" ,="" target="_blank">...</a> is not clickable at point (718, 640). Other element would receive the click: <iframe id="aswift_4" name="aswift_4" style="min-height: auto; max-height: none; min-width: auto; max-width: none; width: 1005px !important; height: 124px !important; display: block; margin: 0px auto;" sandbox="allow-forms allow-popups allow-popups-to-escape-sandbox allow-same-origin allow-scripts allow-top-navigation-by-user-activation" width="1005" height="124" frameborder="0" marginwidth="0" marginheight="0" vspace="0" hspace="0" allowtransparency="true" scrolling="no" allow="attribution-reporting; run-ad-auction" src="https://googleads.g.doubleclick.net/pagead/html/r20251211/r20190131/zrt_lookup_fy2021.html#RS-1-&amp;adk=1812271801&amp;client=ca-pub-1056034821646296&amp;fa=1&amp;ifi=5&amp;uci=a!5&amp;btvi=1" data-google-container-id="a!5" tabindex="0" title="Advertisement" aria-label="Advertisement" data-google-query-id="CPGJ-bXT8pEDFZynZgIdo6MX9g" data-load-complete="true"></iframe>
  (Session info: MicrosoftEdge=143.0.3650.96)
Build info: version: '4.39.0', revision: '126f156aee'
System info: os.name: 'Windows 10', os.arch: 'amd64', os.version: '10.0', java.version: '21.0.9'
Driver info: org.openqa.selenium.edge.EdgeDriver
Command: [b5ff1d507c50f74961b1e09f2e87dc06, clickElement {id=f.56EA10791BFCD03F1CE8A8FAA4F0CD5E.d.899F9CCA904CB14A8B522FC4D659EA9C.e.13}]
Capabilities {acceptInsecureCerts: false, browserName: MicrosoftEdge, browserVersion: 143.0.3650.96, fedcm:accounts: true, goog:processID: 28320, ms:edgeOptions: {debuggerAddress: localhost:64363}, msedge: {msedgedriverVersion: 143.0.3650.96 (d55fe85d0141..., userDataDir: C:\Users\HP\AppData\Local\T...}, networkConnectionEnabled: false, pageLoadStrategy: normal, platformName: windows, proxy: Proxy(), se:cdp: ws://localhost:64363/devtoo..., se:cdpVersion: 143.0.3650.96, setWindowRect: true, strictFileInteractability: false, timeouts: {implicit: 0, pageLoad: 300000, script: 30000}, unhandledPromptBehavior: dismiss and notify, webauthn:extension:credBlob: true, webauthn:extension:largeBlob: true, webauthn:extension:minPinLength: true, webauthn:extension:prf: true, webauthn:virtualAuthenticators: true}
Element: [[EdgeDriver: MicrosoftEdge on windows (b5ff1d507c50f74961b1e09f2e87dc06)] -> xpath: //a[text()='Click Here']]
Session ID: b5ff1d507c50f74961b1e09f2e87dc06
at org.openqa.selenium.remote.ErrorCodec.decode(ErrorCodec.java:167)
at org.openqa.selenium.remote.codec.w3c.W3CHttpResponseCodec.decode(W3CHttpResponseCodec.java:142)
at org.openqa.selenium.remote.codec.w3c.W3CHttpResponseCodec.decode(W3CHttpResponseCodec.java:49)
at org.openqa.selenium.remote.HttpCommandExecutor.execute(HttpCommandExecutor.java:215)
at org.openqa.selenium.remote.service.DriverCommandExecutor.invokeExecute(DriverCommandExecutor.java:216)
at org.openqa.selenium.remote.service.DriverCommandExecutor.execute(DriverCommandExecutor.java:174)
at org.openqa.selenium.remote.RemoteWebDriver.execute(RemoteWebDriver.java:561)
at org.openqa.selenium.remote.RemoteWebElement.execute(RemoteWebElement.java:223)
at org.openqa.selenium.remote.RemoteWebElement.click(RemoteWebElement.java:76)
at com.org.PageClass.PracticePage.windowHandle(PracticePage.java:117)
at com.org.testClass.PracticeTest.multipleHandle(PracticeTest.java:51)
at java.base/java.util.ArrayList.forEach(ArrayList.java:1596)
... Removed 28 stack frames]]>
    </failure>
  </testcase> <!-- multipleHandle -->
  <testcase classname="com.org.testClass.PracticeTest" name="SelectDropdown" time="0.0">
    <ignored/>
  </testcase> <!-- SelectDropdown -->
  <testcase classname="com.org.testClass.PracticeTest" name="downloadFiles" time="0.0">
    <ignored/>
  </testcase> <!-- downloadFiles -->
  <testcase classname="com.org.testClass.PracticeTest" name="readTable" time="0.0">
    <ignored/>
  </testcase> <!-- readTable -->
  <testcase classname="com.org.testClass.PracticeTest" name="authentication" time="0.0">
    <ignored/>
  </testcase> <!-- authentication -->
  <testcase classname="com.org.testClass.PracticeTest" name="getBrokenImage" time="0.0">
    <ignored/>
  </testcase> <!-- getBrokenImage -->
  <testcase classname="com.org.testClass.PracticeTest" name="handleShadowRootElement" time="0.0">
    <ignored/>
  </testcase> <!-- handleShadowRootElement -->
</testsuite> <!-- Firefox Test -->
