<?xml version="1.0" encoding="UTF-8"?>
<!-- Generated by org.testng.reporters.JUnitXMLReporter -->
<testsuite ignored="0" hostname="DESKTOP-A9A8VGF" failures="2" tests="6" name="Test" time="24.413" errors="0" timestamp="2026-01-01T14:41:08 IST">
  <testcase classname="com.org.testClass.ScenarioTest" name="Login" time="5.038"/>
  <testcase classname="com.org.testClass.ScenarioTest" name="Ok" time="0.04">
    <failure type="java.lang.AssertionError" message="expected [true] but found [false]">
      <![CDATA[java.lang.AssertionError: expected [true] but found [false]
at com.org.testClass.ScenarioTest.Ok(ScenarioTest.java:31)
at java.base/java.util.ArrayList.forEach(ArrayList.java:1596)
... Removed 33 stack frames]]>
    </failure>
  </testcase> <!-- Ok -->
  <testcase classname="com.org.testClass.ScenarioTest" name="failedTestExample" time="0.003">
    <skipped/>
  </testcase> <!-- failedTestExample -->
  <testcase classname="com.org.testClass.ScenarioTest" name="failedTestExample" time="0.003">
    <skipped/>
  </testcase> <!-- failedTestExample -->
  <testcase classname="com.org.testClass.ScenarioTest" name="failedTestExample" time="0.003">
    <skipped/>
  </testcase> <!-- failedTestExample -->
  <testcase classname="com.org.testClass.ScenarioTest" name="failedTestExample" time="0.002">
    <failure type="java.lang.AssertionError" message="null">
      <![CDATA[java.lang.AssertionError: null
at com.org.testClass.ScenarioTest.failedTestExample(ScenarioTest.java:36)
at java.base/java.util.ArrayList.forEach(ArrayList.java:1596)
... Removed 31 stack frames]]>
    </failure>
  </testcase> <!-- failedTestExample -->
</testsuite> <!-- Test -->
