<?xml version="1.0" encoding="UTF-8"?>
<testng-results ignored="12" total="16" passed="4" failed="0" skipped="0">
  <reporter-output>
  </reporter-output>
  <suite started-at="2026-01-05T01:56:44 IST" name="Suite" finished-at="2026-01-05T01:57:16 IST" duration-ms="31734">
    <groups>
    </groups>
    <test started-at="2026-01-05T01:56:44 IST" name="Edge Test" finished-at="2026-01-05T01:57:04 IST" duration-ms="20380">
      <class name="com.org.testClass.PracticeTest">
        <test-method is-config="true" signature="initialize(java.lang.String)[pri:0, instance:com.org.testClass.PracticeTest@33c911a1]" started-at="2026-01-05T01:56:44 IST" name="initialize" finished-at="2026-01-05T01:56:50 IST" duration-ms="5656" status="PASS">
          <params>
            <param index="0">
              <value>
                <![CDATA[edge]]>
              </value>
            </param>
          </params>
          <reporter-output>
          </reporter-output>
        </test-method> <!-- initialize -->
        <test-method signature="getBrokenImage()[pri:0, instance:com.org.testClass.PracticeTest@33c911a1]" started-at="2026-01-05T01:56:50 IST" name="getBrokenImage" finished-at="2026-01-05T01:56:55 IST" duration-ms="5193" status="PASS">
          <reporter-output>
          </reporter-output>
        </test-method> <!-- getBrokenImage -->
        <test-method is-config="true" signature="cleanUp()[pri:0, instance:com.org.testClass.PracticeTest@33c911a1]" started-at="2026-01-05T01:56:55 IST" name="cleanUp" finished-at="2026-01-05T01:56:56 IST" duration-ms="1486" status="PASS">
          <reporter-output>
          </reporter-output>
        </test-method> <!-- cleanUp -->
        <test-method is-config="true" signature="initialize(java.lang.String)[pri:0, instance:com.org.testClass.PracticeTest@33c911a1]" started-at="2026-01-05T01:56:56 IST" name="initialize" finished-at="2026-01-05T01:56:58 IST" duration-ms="1989" status="PASS">
          <params>
            <param index="0">
              <value>
                <![CDATA[edge]]>
              </value>
            </param>
          </params>
          <reporter-output>
          </reporter-output>
        </test-method> <!-- initialize -->
        <test-method signature="handleShadowRootElement()[pri:0, instance:com.org.testClass.PracticeTest@33c911a1]" started-at="2026-01-05T01:56:58 IST" name="handleShadowRootElement" finished-at="2026-01-05T01:57:03 IST" duration-ms="4533" status="PASS">
          <reporter-output>
          </reporter-output>
        </test-method> <!-- handleShadowRootElement -->
        <test-method is-config="true" signature="cleanUp()[pri:0, instance:com.org.testClass.PracticeTest@33c911a1]" started-at="2026-01-05T01:57:03 IST" name="cleanUp" finished-at="2026-01-05T01:57:04 IST" duration-ms="1404" status="PASS">
          <reporter-output>
          </reporter-output>
        </test-method> <!-- cleanUp -->
      </class> <!-- com.org.testClass.PracticeTest -->
    </test> <!-- Edge Test -->
    <test started-at="2026-01-05T01:56:44 IST" name="Chrome Test" finished-at="2026-01-05T01:57:16 IST" duration-ms="31734">
      <class name="com.org.testClass.PracticeTest">
        <test-method is-config="true" signature="initialize(java.lang.String)[pri:0, instance:com.org.testClass.PracticeTest@38425407]" started-at="2026-01-05T01:56:44 IST" name="initialize" finished-at="2026-01-05T01:56:49 IST" duration-ms="5414" status="PASS">
          <params>
            <param index="0">
              <value>
                <![CDATA[chrome]]>
              </value>
            </param>
          </params>
          <reporter-output>
          </reporter-output>
        </test-method> <!-- initialize -->
        <test-method signature="readTable()[pri:0, instance:com.org.testClass.PracticeTest@38425407]" started-at="2026-01-05T01:56:49 IST" name="readTable" finished-at="2026-01-05T01:57:09 IST" duration-ms="19857" status="PASS">
          <reporter-output>
          </reporter-output>
        </test-method> <!-- readTable -->
        <test-method is-config="true" signature="cleanUp()[pri:0, instance:com.org.testClass.PracticeTest@38425407]" started-at="2026-01-05T01:57:09 IST" name="cleanUp" finished-at="2026-01-05T01:57:11 IST" duration-ms="1418" status="PASS">
          <reporter-output>
          </reporter-output>
        </test-method> <!-- cleanUp -->
        <test-method is-config="true" signature="initialize(java.lang.String)[pri:0, instance:com.org.testClass.PracticeTest@38425407]" started-at="2026-01-05T01:57:11 IST" name="initialize" finished-at="2026-01-05T01:57:12 IST" duration-ms="1539" status="PASS">
          <params>
            <param index="0">
              <value>
                <![CDATA[chrome]]>
              </value>
            </param>
          </params>
          <reporter-output>
          </reporter-output>
        </test-method> <!-- initialize -->
        <test-method signature="authentication()[pri:0, instance:com.org.testClass.PracticeTest@38425407]" started-at="2026-01-05T01:57:12 IST" name="authentication" finished-at="2026-01-05T01:57:14 IST" duration-ms="1695" status="PASS">
          <reporter-output>
          </reporter-output>
        </test-method> <!-- authentication -->
        <test-method is-config="true" signature="cleanUp()[pri:0, instance:com.org.testClass.PracticeTest@38425407]" started-at="2026-01-05T01:57:14 IST" name="cleanUp" finished-at="2026-01-05T01:57:16 IST" duration-ms="1695" status="PASS">
          <reporter-output>
          </reporter-output>
        </test-method> <!-- cleanUp -->
      </class> <!-- com.org.testClass.PracticeTest -->
    </test> <!-- Chrome Test -->
  </suite> <!-- Suite -->
</testng-results>
