<?xml version="1.0" encoding="UTF-8"?>
<!-- Generated by org.testng.reporters.JUnitReportReporter -->
<testsuite hostname="DESKTOP-A9A8VGF" failures="0" tests="4" name="com.org.testClass.PracticeTest" time="51.879" errors="0" timestamp="2026-01-05T01:57:16 IST" skipped="0">
  <testcase classname="com.org.testClass.PracticeTest" name="getBrokenImage" time="8.668"/>
  <testcase classname="com.org.testClass.PracticeTest" name="handleShadowRootElement" time="11.593"/>
  <testcase classname="com.org.testClass.PracticeTest" name="readTable" time="22.814"/>
  <testcase classname="com.org.testClass.PracticeTest" name="authentication" time="8.804"/>
</testsuite> <!-- com.org.testClass.PracticeTest -->
